Missing Pitchers: 0326   BOS
Missing Pitchers: 0326   TOR
Missing Pitchers: 0326   MIN
Missing Pitchers: 0326   TEX
Missing Pitchers: 0326   OAK
Missing Pitchers: 0326   CHW
Missing Pitchers: 0326   CLE
Missing Pitchers: 0326   HOU
Missing Pitchers: 0326   TB
Missing Pitchers: 0326   PHI
Missing Pitchers: 0326   ATL
Missing Pitchers: 0326   STL
Missing Pitchers: 0326   SD
Missing Pitchers: 0326   SF
Missing Pitchers: 0326   ARI
Missing Pitchers: 0326   BOS
Missing Pitchers: 0326   TOR
Missing Pitchers: 0326   MIN
Missing Pitchers: 0326   TEX
Missing Pitchers: 0326   OAK
Missing Pitchers: 0326   CHW
Missing Pitchers: 0326   CLE
Missing Pitchers: 0326   HOU
Missing Pitchers: 0326   TB
Missing Pitchers: 0326   PHI
Missing Pitchers: 0326   ATL
Missing Pitchers: 0326   STL
Missing Pitchers: 0326   SD
Missing Pitchers: 0326   SF
Missing Pitchers: 0326   ARI
Missing Pitchers: 0326   BOS
Missing Pitchers: 0326   TOR
Missing Pitchers: 0326   MIN
Missing Pitchers: 0326   TEX
Missing Pitchers: 0326   OAK
Missing Pitchers: 0326   CHW
Missing Pitchers: 0326   CLE
Missing Pitchers: 0326   HOU
Missing Pitchers: 0326   TB
Missing Pitchers: 0326   PHI
Missing Pitchers: 0326   ATL
Missing Pitchers: 0326   STL
Missing Pitchers: 0326   SD
Missing Pitchers: 0326   SF
Missing Pitchers: 0326   ARI
Missing Pitchers: 0326   BOS
Missing Pitchers: 0326   TOR
Missing Pitchers: 0326   MIN
Missing Pitchers: 0326   TEX
Missing Pitchers: 0326   OAK
Missing Pitchers: 0326   CHW
Missing Pitchers: 0326   CLE
Missing Pitchers: 0326   HOU
Missing Pitchers: 0326   TB
Missing Pitchers: 0326   PHI
Missing Pitchers: 0326   ATL
Missing Pitchers: 0326   STL
Missing Pitchers: 0326   SD
Missing Pitchers: 0326   SF
Missing Pitchers: 0326   ARI
Missing Pitchers: 0326   BOS
Missing Pitchers: 0326   TOR
Missing Pitchers: 0326   MIN
Missing Pitchers: 0326   TEX
Missing Pitchers: 0326   OAK
Missing Pitchers: 0326   CHW
Missing Pitchers: 0326   CLE
Missing Pitchers: 0326   HOU
Missing Pitchers: 0326   TB
Missing Pitchers: 0326   PHI
Missing Pitchers: 0326   ATL
Missing Pitchers: 0326   STL
Missing Pitchers: 0326   SD
Missing Pitchers: 0326   SF
Missing Pitchers: 0326   ARI
Missing Pitchers: 0326   BOS
Missing Pitchers: 0326   TOR
Missing Pitchers: 0326   MIN
Missing Pitchers: 0326   TEX
Missing Pitchers: 0326   OAK
Missing Pitchers: 0326   CHW
Missing Pitchers: 0326   CLE
Missing Pitchers: 0326   HOU
Missing Pitchers: 0326   TB
Missing Pitchers: 0326   PHI
Missing Pitchers: 0326   ATL
Missing Pitchers: 0326   STL
Missing Pitchers: 0326   SD
Missing Pitchers: 0326   SF
Missing Pitchers: 0326   ARI
Missing Pitchers: 0326   BOS
Missing Pitchers: 0326   TOR
Missing Pitchers: 0326   MIN
Missing Pitchers: 0326   TEX
Missing Pitchers: 0326   OAK
Missing Pitchers: 0326   CHW
Missing Pitchers: 0326   CLE
Missing Pitchers: 0326   HOU
Missing Pitchers: 0326   TB
Missing Pitchers: 0326   PHI
Missing Pitchers: 0326   ATL
Missing Pitchers: 0326   STL
Missing Pitchers: 0326   SD
Missing Pitchers: 0326   SF
Missing Pitchers: 0326   ARI
Missing Pitchers: 0326   BOS
Missing Pitchers: 0326   TOR
Missing Pitchers: 0326   MIN
Missing Pitchers: 0326   TEX
Missing Pitchers: 0326   OAK
Missing Pitchers: 0326   CHW
Missing Pitchers: 0326   CLE
Missing Pitchers: 0326   HOU
Missing Pitchers: 0326   TB
Missing Pitchers: 0326   PHI
Missing Pitchers: 0326   ATL
Missing Pitchers: 0326   STL
Missing Pitchers: 0326   SD
Missing Pitchers: 0326   SF
Missing Pitchers: 0326   ARI
Missing Pitchers: 0326   BOS
Missing Pitchers: 0326   TOR
Missing Pitchers: 0326   MIN
Missing Pitchers: 0326   TEX
Missing Pitchers: 0326   OAK
Missing Pitchers: 0326   CHW
Missing Pitchers: 0326   CLE
Missing Pitchers: 0326   HOU
Missing Pitchers: 0326   TB
Missing Pitchers: 0326   PHI
Missing Pitchers: 0326   ATL
Missing Pitchers: 0326   STL
Missing Pitchers: 0326   SD
Missing Pitchers: 0326   SF
Missing Pitchers: 0326   ARI
Missing Pitchers: 0325   DET
Missing Pitchers: 0325   MIN
Missing Pitchers: 0325   TB
Missing Pitchers: 0325   CLE
Missing Pitchers: 0325   CHW
Missing Pitchers: 0325   OAK
Missing Pitchers: 0325   NYY
Missing Pitchers: 0325   KC
Missing Pitchers: 0325   WSH
Missing Pitchers: 0325   MIA
Missing Pitchers: 0325   PIT
Missing Pitchers: 0325   MIL
Missing Pitchers: 0325   CHC
Missing Pitchers: 0325   SD
Missing Pitchers: 0325   DET
Missing Pitchers: 0325   MIN
Missing Pitchers: 0325   TB
Missing Pitchers: 0325   CLE
Missing Pitchers: 0325   CHW
Missing Pitchers: 0325   OAK
Missing Pitchers: 0325   NYY
Missing Pitchers: 0325   KC
Missing Pitchers: 0325   WSH
Missing Pitchers: 0325   MIA
Missing Pitchers: 0325   PIT
Missing Pitchers: 0325   MIL
Missing Pitchers: 0325   CHC
Missing Pitchers: 0325   SD
Missing Pitchers: 0325   DET
Missing Pitchers: 0325   MIN
Missing Pitchers: 0325   TB
Missing Pitchers: 0325   CLE
Missing Pitchers: 0325   CHW
Missing Pitchers: 0325   OAK
Missing Pitchers: 0325   NYY
Missing Pitchers: 0325   KC
Missing Pitchers: 0325   WSH
Missing Pitchers: 0325   MIA
Missing Pitchers: 0325   PIT
Missing Pitchers: 0325   MIL
Missing Pitchers: 0325   CHC
Missing Pitchers: 0325   SD
Missing Pitchers: 0325   DET
Missing Pitchers: 0325   MIN
Missing Pitchers: 0325   TB
Missing Pitchers: 0325   CLE
Missing Pitchers: 0325   CHW
Missing Pitchers: 0325   OAK
Missing Pitchers: 0325   NYY
Missing Pitchers: 0325   KC
Missing Pitchers: 0325   WSH
Missing Pitchers: 0325   MIA
Missing Pitchers: 0325   PIT
Missing Pitchers: 0325   MIL
Missing Pitchers: 0325   CHC
Missing Pitchers: 0325   SD
Missing Pitchers: 0325   DET
Missing Pitchers: 0325   MIN
Missing Pitchers: 0325   TB
Missing Pitchers: 0325   CLE
Missing Pitchers: 0325   CHW
Missing Pitchers: 0325   OAK
Missing Pitchers: 0325   NYY
Missing Pitchers: 0325   KC
Missing Pitchers: 0325   WSH
Missing Pitchers: 0325   MIA
Missing Pitchers: 0325   PIT
Missing Pitchers: 0325   MIL
Missing Pitchers: 0325   CHC
Missing Pitchers: 0325   SD
Missing Pitchers: 0325   DET
Missing Pitchers: 0325   MIN
Missing Pitchers: 0325   TB
Missing Pitchers: 0325   CLE
Missing Pitchers: 0325   CHW
Missing Pitchers: 0325   OAK
Missing Pitchers: 0325   NYY
Missing Pitchers: 0325   KC
Missing Pitchers: 0325   WSH
Missing Pitchers: 0325   MIA
Missing Pitchers: 0325   PIT
Missing Pitchers: 0325   MIL
Missing Pitchers: 0325   CHC
Missing Pitchers: 0325   SD
Missing Pitchers: 0325   DET
Missing Pitchers: 0325   MIN
Missing Pitchers: 0325   TB
Missing Pitchers: 0325   CLE
Missing Pitchers: 0325   CHW
Missing Pitchers: 0325   OAK
Missing Pitchers: 0325   NYY
Missing Pitchers: 0325   KC
Missing Pitchers: 0325   WSH
Missing Pitchers: 0325   MIA
Missing Pitchers: 0325   PIT
Missing Pitchers: 0325   MIL
Missing Pitchers: 0325   CHC
Missing Pitchers: 0325   SD
Missing Pitchers: 0325   DET
Missing Pitchers: 0325   MIN
Missing Pitchers: 0325   TB
Missing Pitchers: 0325   CLE
Missing Pitchers: 0325   CHW
Missing Pitchers: 0325   OAK
Missing Pitchers: 0325   NYY
Missing Pitchers: 0325   KC
Missing Pitchers: 0325   WSH
Missing Pitchers: 0325   MIA
Missing Pitchers: 0325   PIT
Missing Pitchers: 0325   MIL
Missing Pitchers: 0325   CHC
Missing Pitchers: 0325   SD
Missing Pitchers: 0325   DET
Missing Pitchers: 0325   MIN
Missing Pitchers: 0325   TB
Missing Pitchers: 0325   CLE
Missing Pitchers: 0325   CHW
Missing Pitchers: 0325   OAK
Missing Pitchers: 0325   NYY
Missing Pitchers: 0325   KC
Missing Pitchers: 0325   WSH
Missing Pitchers: 0325   MIA
Missing Pitchers: 0325   PIT
Missing Pitchers: 0325   MIL
Missing Pitchers: 0325   CHC
Missing Pitchers: 0325   SD
Missing Pitchers: 0325   DET
Missing Pitchers: 0325   MIN
Missing Pitchers: 0325   TB
Missing Pitchers: 0325   CLE
Missing Pitchers: 0325   CHW
Missing Pitchers: 0325   OAK
Missing Pitchers: 0325   NYY
Missing Pitchers: 0325   KC
Missing Pitchers: 0325   WSH
Missing Pitchers: 0325   MIA
Missing Pitchers: 0325   PIT
Missing Pitchers: 0325   MIL
Missing Pitchers: 0325   CHC
Missing Pitchers: 0325   SD
Missing Pitchers: 0325   DET
Missing Pitchers: 0325   MIN
Missing Pitchers: 0325   TB
Missing Pitchers: 0325   CLE
Missing Pitchers: 0325   CHW
Missing Pitchers: 0325   OAK
Missing Pitchers: 0325   NYY
Missing Pitchers: 0325   KC
Missing Pitchers: 0325   WSH
Missing Pitchers: 0325   MIA
Missing Pitchers: 0325   PIT
Missing Pitchers: 0325   MIL
Missing Pitchers: 0325   CHC
Missing Pitchers: 0325   SD
Missing Pitchers: 0325   DET
Missing Pitchers: 0325   MIN
Missing Pitchers: 0325   TB
Missing Pitchers: 0325   CLE
Missing Pitchers: 0325   CHW
Missing Pitchers: 0325   OAK
Missing Pitchers: 0325   NYY
Missing Pitchers: 0325   KC
Missing Pitchers: 0325   WSH
Missing Pitchers: 0325   MIA
Missing Pitchers: 0325   PIT
Missing Pitchers: 0325   MIL
Missing Pitchers: 0325   CHC
Missing Pitchers: 0325   SD
Missing Pitchers: 0325   DET
Missing Pitchers: 0325   MIN
Missing Pitchers: 0325   TB
Missing Pitchers: 0325   CLE
Missing Pitchers: 0325   CHW
Missing Pitchers: 0325   OAK
Missing Pitchers: 0325   NYY
Missing Pitchers: 0325   KC
Missing Pitchers: 0325   WSH
Missing Pitchers: 0325   MIA
Missing Pitchers: 0325   PIT
Missing Pitchers: 0325   MIL
Missing Pitchers: 0325   CHC
Missing Pitchers: 0325   SD
Missing Pitchers: 0325   DET
Missing Pitchers: 0325   MIN
Missing Pitchers: 0325   TB
Missing Pitchers: 0325   CLE
Missing Pitchers: 0325   CHW
Missing Pitchers: 0325   OAK
Missing Pitchers: 0325   NYY
Missing Pitchers: 0325   KC
Missing Pitchers: 0325   WSH
Missing Pitchers: 0325   MIA
Missing Pitchers: 0325   PIT
Missing Pitchers: 0325   MIL
Missing Pitchers: 0325   CHC
Missing Pitchers: 0325   SD
Missing Pitchers: 0326   HOU
Missing Pitchers: 0326   MIN
Missing Pitchers: 0326   TOR
Missing Pitchers: 0326   TB
Missing Pitchers: 0326   KC
Missing Pitchers: 0326   CHW
Missing Pitchers: 0326   OAK
Missing Pitchers: 0326   CLE
Missing Pitchers: 0326   ARI
Missing Pitchers: 0326   PIT
Missing Pitchers: 0326   MIA
Missing Pitchers: 0326   WSH
Missing Pitchers: 0326   ATL
Missing Pitchers: 0326   CHC
Missing Pitchers: 0326   SD
Missing Pitchers: 0326   MIL
Missing Pitchers: 0326   COL
Missing Pitchers: 0326   ARI
Missing Pitchers: 0326   HOU
Missing Pitchers: 0326   MIN
Missing Pitchers: 0326   TOR
Missing Pitchers: 0326   TB
Missing Pitchers: 0326   KC
Missing Pitchers: 0326   CHW
Missing Pitchers: 0326   OAK
Missing Pitchers: 0326   CLE
Missing Pitchers: 0326   ARI
Missing Pitchers: 0326   PIT
Missing Pitchers: 0326   MIA
Missing Pitchers: 0326   WSH
Missing Pitchers: 0326   ATL
Missing Pitchers: 0326   CHC
Missing Pitchers: 0326   SD
Missing Pitchers: 0326   MIL
Missing Pitchers: 0326   COL
Missing Pitchers: 0326   ARI
Missing Pitchers: 0326   HOU
Missing Pitchers: 0326   MIN
Missing Pitchers: 0326   TOR
Missing Pitchers: 0326   TB
Missing Pitchers: 0326   KC
Missing Pitchers: 0326   CHW
Missing Pitchers: 0326   OAK
Missing Pitchers: 0326   CLE
Missing Pitchers: 0326   ARI
Missing Pitchers: 0326   PIT
Missing Pitchers: 0326   MIA
Missing Pitchers: 0326   WSH
Missing Pitchers: 0326   ATL
Missing Pitchers: 0326   CHC
Missing Pitchers: 0326   SD
Missing Pitchers: 0326   MIL
Missing Pitchers: 0326   COL
Missing Pitchers: 0326   ARI
Missing Pitchers: 0326   HOU
Missing Pitchers: 0326   MIN
Missing Pitchers: 0326   TOR
Missing Pitchers: 0326   TB
Missing Pitchers: 0326   KC
Missing Pitchers: 0326   CHW
Missing Pitchers: 0326   OAK
Missing Pitchers: 0326   CLE
Missing Pitchers: 0326   ARI
Missing Pitchers: 0326   PIT
Missing Pitchers: 0326   MIA
Missing Pitchers: 0326   WSH
Missing Pitchers: 0326   ATL
Missing Pitchers: 0326   CHC
Missing Pitchers: 0326   SD
Missing Pitchers: 0326   MIL
Missing Pitchers: 0326   COL
Missing Pitchers: 0326   ARI
Missing Pitchers: 0326   HOU
Missing Pitchers: 0326   MIN
Missing Pitchers: 0326   TOR
Missing Pitchers: 0326   TB
Missing Pitchers: 0326   KC
Missing Pitchers: 0326   CHW
Missing Pitchers: 0326   OAK
Missing Pitchers: 0326   CLE
Missing Pitchers: 0326   ARI
Missing Pitchers: 0326   PIT
Missing Pitchers: 0326   MIA
Missing Pitchers: 0326   WSH
Missing Pitchers: 0326   ATL
Missing Pitchers: 0326   CHC
Missing Pitchers: 0326   SD
Missing Pitchers: 0326   MIL
Missing Pitchers: 0326   COL
Missing Pitchers: 0326   ARI
Missing Pitchers: 0326   HOU
Missing Pitchers: 0326   MIN
Missing Pitchers: 0326   TOR
Missing Pitchers: 0326   TB
Missing Pitchers: 0326   KC
Missing Pitchers: 0326   CHW
Missing Pitchers: 0326   OAK
Missing Pitchers: 0326   CLE
Missing Pitchers: 0326   ARI
Missing Pitchers: 0326   PIT
Missing Pitchers: 0326   MIA
Missing Pitchers: 0326   WSH
Missing Pitchers: 0326   ATL
Missing Pitchers: 0326   CHC
Missing Pitchers: 0326   SD
Missing Pitchers: 0326   MIL
Missing Pitchers: 0326   COL
Missing Pitchers: 0326   ARI
Missing Pitchers: 0326   HOU
Missing Pitchers: 0326   MIN
Missing Pitchers: 0326   TOR
Missing Pitchers: 0326   TB
Missing Pitchers: 0326   KC
Missing Pitchers: 0326   CHW
Missing Pitchers: 0326   OAK
Missing Pitchers: 0326   CLE
Missing Pitchers: 0326   ARI
Missing Pitchers: 0326   PIT
Missing Pitchers: 0326   MIA
Missing Pitchers: 0326   WSH
Missing Pitchers: 0326   ATL
Missing Pitchers: 0326   CHC
Missing Pitchers: 0326   SD
Missing Pitchers: 0326   MIL
Missing Pitchers: 0326   COL
Missing Pitchers: 0326   ARI
Missing Pitchers: 0326   HOU
Missing Pitchers: 0326   MIN
Missing Pitchers: 0326   TOR
Missing Pitchers: 0326   TB
Missing Pitchers: 0326   KC
Missing Pitchers: 0326   CHW
Missing Pitchers: 0326   OAK
Missing Pitchers: 0326   CLE
Missing Pitchers: 0326   ARI
Missing Pitchers: 0326   PIT
Missing Pitchers: 0326   MIA
Missing Pitchers: 0326   WSH
Missing Pitchers: 0326   ATL
Missing Pitchers: 0326   CHC
Missing Pitchers: 0326   SD
Missing Pitchers: 0326   MIL
Missing Pitchers: 0326   COL
Missing Pitchers: 0326   ARI
Missing Pitchers: 0326   HOU
Missing Pitchers: 0326   MIN
Missing Pitchers: 0326   TOR
Missing Pitchers: 0326   TB
Missing Pitchers: 0326   KC
Missing Pitchers: 0326   CHW
Missing Pitchers: 0326   OAK
Missing Pitchers: 0326   CLE
Missing Pitchers: 0326   ARI
Missing Pitchers: 0326   PIT
Missing Pitchers: 0326   MIA
Missing Pitchers: 0326   WSH
Missing Pitchers: 0326   ATL
Missing Pitchers: 0326   CHC
Missing Pitchers: 0326   SD
Missing Pitchers: 0326   MIL
Missing Pitchers: 0326   COL
Missing Pitchers: 0326   ARI
Missing Pitchers: 0326   HOU
Missing Pitchers: 0326   MIN
Missing Pitchers: 0326   TOR
Missing Pitchers: 0326   TB
Missing Pitchers: 0326   KC
Missing Pitchers: 0326   CHW
Missing Pitchers: 0326   OAK
Missing Pitchers: 0326   CLE
Missing Pitchers: 0326   ARI
Missing Pitchers: 0326   PIT
Missing Pitchers: 0326   MIA
Missing Pitchers: 0326   WSH
Missing Pitchers: 0326   ATL
Missing Pitchers: 0326   CHC
Missing Pitchers: 0326   SD
Missing Pitchers: 0326   MIL
Missing Pitchers: 0326   COL
Missing Pitchers: 0326   ARI
Missing Pitchers: 0326   HOU
Missing Pitchers: 0326   MIN
Missing Pitchers: 0326   TOR
Missing Pitchers: 0326   TB
Missing Pitchers: 0326   KC
Missing Pitchers: 0326   CHW
Missing Pitchers: 0326   OAK
Missing Pitchers: 0326   CLE
Missing Pitchers: 0326   ARI
Missing Pitchers: 0326   PIT
Missing Pitchers: 0326   MIA
Missing Pitchers: 0326   WSH
Missing Pitchers: 0326   ATL
Missing Pitchers: 0326   CHC
Missing Pitchers: 0326   SD
Missing Pitchers: 0326   MIL
Missing Pitchers: 0326   COL
Missing Pitchers: 0326   ARI
Missing Pitchers: 0329   NYY
Missing Pitchers: 0329   BOS
Missing Pitchers: 0329   TOR
Missing Pitchers: 0329   PHI
Missing Pitchers: 0329   WSH
Missing Pitchers: 0329   TEX
Missing Pitchers: 0329   MIL
Missing Pitchers: 0329   COL
Missing Pitchers: 0329   OAK
Missing Pitchers: 0329   ARI
Missing Pitchers: 0329   SD
Missing Pitchers: 0329   LAA
Missing Pitchers: 0329   NYY
Missing Pitchers: 0329   BOS
Missing Pitchers: 0329   TOR
Missing Pitchers: 0329   PHI
Missing Pitchers: 0329   WSH
Missing Pitchers: 0329   TEX
Missing Pitchers: 0329   MIL
Missing Pitchers: 0329   COL
Missing Pitchers: 0329   OAK
Missing Pitchers: 0329   ARI
Missing Pitchers: 0329   SD
Missing Pitchers: 0329   LAA
Missing Pitchers: 0329   NYY
Missing Pitchers: 0329   BOS
Missing Pitchers: 0329   TOR
Missing Pitchers: 0329   PHI
Missing Pitchers: 0329   WSH
Missing Pitchers: 0329   TEX
Missing Pitchers: 0329   MIL
Missing Pitchers: 0329   COL
Missing Pitchers: 0329   OAK
Missing Pitchers: 0329   ARI
Missing Pitchers: 0329   SD
Missing Pitchers: 0329   LAA
Missing Pitchers: 0329   NYY
Missing Pitchers: 0329   BOS
Missing Pitchers: 0329   TOR
Missing Pitchers: 0329   PHI
Missing Pitchers: 0329   WSH
Missing Pitchers: 0329   TEX
Missing Pitchers: 0329   MIL
Missing Pitchers: 0329   COL
Missing Pitchers: 0329   OAK
Missing Pitchers: 0329   ARI
Missing Pitchers: 0329   SD
Missing Pitchers: 0329   LAA
Missing Pitchers: 0329   NYY
Missing Pitchers: 0329   BOS
Missing Pitchers: 0329   TOR
Missing Pitchers: 0329   PHI
Missing Pitchers: 0329   WSH
Missing Pitchers: 0329   TEX
Missing Pitchers: 0329   MIL
Missing Pitchers: 0329   COL
Missing Pitchers: 0329   OAK
Missing Pitchers: 0329   ARI
Missing Pitchers: 0329   SD
Missing Pitchers: 0329   LAA
Missing Pitchers: 0329   NYY
Missing Pitchers: 0329   BOS
Missing Pitchers: 0329   TOR
Missing Pitchers: 0329   PHI
Missing Pitchers: 0329   WSH
Missing Pitchers: 0329   TEX
Missing Pitchers: 0329   MIL
Missing Pitchers: 0329   COL
Missing Pitchers: 0329   OAK
Missing Pitchers: 0329   ARI
Missing Pitchers: 0329   SD
Missing Pitchers: 0329   LAA
Missing Pitchers: 0329   NYY
Missing Pitchers: 0329   BOS
Missing Pitchers: 0329   TOR
Missing Pitchers: 0329   PHI
Missing Pitchers: 0329   WSH
Missing Pitchers: 0329   TEX
Missing Pitchers: 0329   MIL
Missing Pitchers: 0329   COL
Missing Pitchers: 0329   OAK
Missing Pitchers: 0329   ARI
Missing Pitchers: 0329   SD
Missing Pitchers: 0329   LAA
Missing Pitchers: 0329   NYY
Missing Pitchers: 0329   BOS
Missing Pitchers: 0329   TOR
Missing Pitchers: 0329   WSH
Missing Pitchers: 0329   TEX
Missing Pitchers: 0329   MIL
Missing Pitchers: 0329   COL
Missing Pitchers: 0329   OAK
Missing Pitchers: 0329   ARI
Missing Pitchers: 0329   SD
Missing Pitchers: 0329   LAA
Missing Pitchers: 0329   NYY
Missing Pitchers: 0329   BOS
Missing Pitchers: 0329   TOR
Missing Pitchers: 0329   WSH
Missing Pitchers: 0329   TEX
Missing Pitchers: 0329   MIL
Missing Pitchers: 0329   COL
Missing Pitchers: 0329   OAK
Missing Pitchers: 0329   ARI
Missing Pitchers: 0329   SD
Missing Pitchers: 0329   LAA
Missing Pitchers: 0505   OAK
Missing Pitchers: 0505   OAK
Missing Pitchers: 0505   OAK
Missing Pitchers: 0505   OAK
Missing Pitchers: 0505   OAK
Missing Pitchers: 0505   OAK
Missing Pitchers: 0505   OAK
Missing Pitchers: 0912   TOR
Missing Pitchers: 0912   TOR
Missing Pitchers: 0912   TOR
Missing Pitchers: 0912   TOR
Missing Pitchers: 0912   TOR
Missing Pitchers: 0912   TOR
Missing Pitchers: 0912   TOR
Missing Pitchers: 0912   TOR
Missing Pitchers: 0912   TOR
Missing Pitchers: 0912   TOR
Missing Pitchers: 0912   TOR
Missing Pitchers: 0912   TOR
Missing Pitchers: 0912   TOR
Missing Pitchers: 0912   TOR
Missing Pitchers: 0912   TOR
Missing Pitchers: 0912   TOR
Missing Pitchers: 0912   TOR
Missing Pitchers: 0912   TOR
Missing Pitchers: 0912   TOR
Missing Pitchers: 0912   TOR
Missing Pitchers: 0912   TOR
Missing Pitchers: 0912   TOR
Missing Pitchers: 0912   TOR
Missing Pitchers: 0912   TOR
Missing Pitchers: 0912   TOR
Missing Pitchers: 0912   TOR
Missing Pitchers: 0912   TOR
Missing Pitchers: 0912   TOR
Missing Pitchers: 0912   TOR
